INFO: [VRFC 10-2263] Analyzing Verilog file "C:/Users/mtlun/Downloads/ECE505/LundMatthew_SingleCycle/LundMatthew_SingleCycle/LundMatthew_SingleCycle.gen/sources_1/ip/blk_mem_gen_0/sim/blk_mem_gen_0.v" into library xil_defaultlib
INFO: [VRFC 10-311] analyzing module blk_mem_gen_0
INFO: [VRFC 10-2263] Analyzing Verilog file "C:/Users/mtlun/Downloads/ECE505/LundMatthew_SingleCycle/LundMatthew_SingleCycle/LundMatthew_SingleCycle.gen/sources_1/ip/clk_wiz_0/clk_wiz_0_clk_wiz.v" into library xil_defaultlib
INFO: [VRFC 10-311] analyzing module clk_wiz_0_clk_wiz
INFO: [VRFC 10-2263] Analyzing Verilog file "C:/Users/mtlun/Downloads/ECE505/LundMatthew_SingleCycle/LundMatthew_SingleCycle/LundMatthew_SingleCycle.gen/sources_1/ip/clk_wiz_0/clk_wiz_0.v" into library xil_defaultlib
INFO: [VRFC 10-311] analyzing module clk_wiz_0
INFO: [VRFC 10-2263] Analyzing Verilog file "C:/Users/mtlun/Downloads/ECE505/LundMatthew_SingleCycle/LundMatthew_SingleCycle/LundMatthew_SingleCycle.srcs/sources_1/imports/LundMatthew RISC-V/ALU.v" into library xil_defaultlib
INFO: [VRFC 10-311] analyzing module ALU
INFO: [VRFC 10-2263] Analyzing Verilog file "C:/Users/mtlun/Downloads/ECE505/LundMatthew_SingleCycle/LundMatthew_SingleCycle/LundMatthew_SingleCycle.srcs/sources_1/new/SingleCycleTop.v" into library xil_defaultlib
INFO: [VRFC 10-311] analyzing module SingleCycleTop
INFO: [VRFC 10-2263] Analyzing Verilog file "C:/Users/mtlun/Downloads/ECE505/LundMatthew_SingleCycle/LundMatthew_SingleCycle/LundMatthew_SingleCycle.srcs/sources_1/imports/LundMatthew RISC-V/alu_control.v" into library xil_defaultlib
INFO: [VRFC 10-311] analyzing module alu_control
INFO: [VRFC 10-2263] Analyzing Verilog file "C:/Users/mtlun/Downloads/ECE505/LundMatthew_SingleCycle/LundMatthew_SingleCycle/LundMatthew_SingleCycle.srcs/sources_1/imports/LundMatthew RISC-V/control.v" into library xil_defaultlib
INFO: [VRFC 10-311] analyzing module control
INFO: [VRFC 10-2263] Analyzing Verilog file "C:/Users/mtlun/Downloads/ECE505/LundMatthew_SingleCycle/LundMatthew_SingleCycle/LundMatthew_SingleCycle.srcs/sources_1/imports/LundMatthew RISC-V/immgen.v" into library xil_defaultlib
INFO: [VRFC 10-311] analyzing module immgen
INFO: [VRFC 10-2263] Analyzing Verilog file "C:/Users/mtlun/Downloads/ECE505/LundMatthew_SingleCycle/LundMatthew_SingleCycle/LundMatthew_SingleCycle.srcs/sources_1/new/instruction_mem.v" into library xil_defaultlib
INFO: [VRFC 10-311] analyzing module instruction_mem
INFO: [VRFC 10-2263] Analyzing Verilog file "C:/Users/mtlun/Downloads/ECE505/LundMatthew_SingleCycle/LundMatthew_SingleCycle/LundMatthew_SingleCycle.srcs/sources_1/imports/LundMatthew RISC-V/registers.v" into library xil_defaultlib
INFO: [VRFC 10-311] analyzing module registers
INFO: [VRFC 10-2263] Analyzing Verilog file "C:/Users/mtlun/Downloads/ECE505/LundMatthew_SingleCycle/LundMatthew_SingleCycle/LundMatthew_SingleCycle.srcs/sim_1/new/Top_TB.v" into library xil_defaultlib
INFO: [VRFC 10-311] analyzing module Top_TB
