#-----------------------------------------------------------
# Vivado v2022.1 (64-bit)
# SW Build 3526262 on Mon Apr 18 15:48:16 MDT 2022
# IP Build 3524634 on Mon Apr 18 20:55:01 MDT 2022
# Start of session at: Fri Oct 27 16:55:58 2023
# Process ID: 6352
# Current directory: C:/Users/mtlun/Documents/ECE505/LundMatthew_SingleCycle/LundMatthew_SingleCycle
# Command line: vivado.exe -gui_launcher_event rodinguilauncherevent12080 C:\Users\mtlun\Documents\ECE505\LundMatthew_SingleCycle\LundMatthew_SingleCycle\LundMatthew_SingleCycle.xpr
# Log file: C:/Users/mtlun/Documents/ECE505/LundMatthew_SingleCycle/LundMatthew_SingleCycle/vivado.log
# Journal file: C:/Users/mtlun/Documents/ECE505/LundMatthew_SingleCycle/LundMatthew_SingleCycle\vivado.jou
# Running On: LAPTOP-BKM4OVDQ, OS: Windows, CPU Frequency: 2994 MHz, CPU Physical cores: 16, Host memory: 16556 MB
#-----------------------------------------------------------
start_gui
open_project C:/Users/mtlun/Documents/ECE505/LundMatthew_SingleCycle/LundMatthew_SingleCycle/LundMatthew_SingleCycle.xpr
WARNING: [Board 49-26] cannot add Board Part xilinx.com:vpk120_es:part0:1.2 available at C:/Xilinx/Vivado/2022.1/data/xhub/boards/XilinxBoardStore/boards/Xilinx/vpk120/es/1.2/board.xml as part xcvp1202-vsva2785-2mp-e-s-es1 specified in board_part file is either invalid or not available
WARNING: [Board 49-26] cannot add Board Part xilinx.com:vpk120_es_revb:part0:1.0 available at C:/Xilinx/Vivado/2022.1/data/xhub/boards/XilinxBoardStore/boards/Xilinx/vpk120_revb/es/1.0/board.xml as part xcvp1202-vsva2785-2mp-e-s-es1 specified in board_part file is either invalid or not available
WARNING: [Board 49-26] cannot add Board Part xilinx.com:zcu208ld:part0:2.0 available at C:/Xilinx/Vivado/2022.1/data/xhub/boards/XilinxBoardStore/boards/Xilinx/zcu208ld/production/2.0/board.xml as part xczu58dr-fsvg1517-2-i specified in board_part file is either invalid or not available
WARNING: [Board 49-26] cannot add Board Part xilinx.com:zcu216ld:part0:2.0 available at C:/Xilinx/Vivado/2022.1/data/xhub/boards/XilinxBoardStore/boards/Xilinx/zcu216ld/production/2.0/board.xml as part xczu59dr-ffvf1760-2-i specified in board_part file is either invalid or not available
WARNING: [Board 49-26] cannot add Board Part xilinx.com:zcu670:part0:2.0 available at C:/Xilinx/Vivado/2022.1/data/xhub/boards/XilinxBoardStore/boards/Xilinx/zcu670/2.0/board.xml as part xczu67dr-fsve1156-2-i specified in board_part file is either invalid or not available
WARNING: [Board 49-26] cannot add Board Part xilinx.com:zcu670ld:part0:1.0 available at C:/Xilinx/Vivado/2022.1/data/xhub/boards/XilinxBoardStore/boards/Xilinx/zcu670ld/1.0/board.xml as part xczu57dr-fsve1156-2-i specified in board_part file is either invalid or not available
INFO: [Project 1-313] Project file moved from 'C:/Users/mtlun/Downloads/ECE505/LundMatthew_SingleCycle/LundMatthew_SingleCycle' since last save.
Scanning sources...
Finished scanning sources
INFO: [IP_Flow 19-234] Refreshing IP repositories
INFO: [IP_Flow 19-1704] No user IP repositories specified
INFO: [IP_Flow 19-2313] Loaded Vivado IP repository 'C:/Xilinx/Vivado/2022.1/data/ip'.
open_project: Time (s): cpu = 00:00:45 ; elapsed = 00:00:17 . Memory (MB): peak = 1610.844 ; gain = 0.000
update_compile_order -fileset sources_1
exit
INFO: [Common 17-206] Exiting Vivado at Fri Oct 27 16:57:13 2023...
