
*** Running vivado
    with args -log SingleCycleTop.vds -m64 -product Vivado -mode batch -messageDb vivado.pb -notrace -source SingleCycleTop.tcl



****** Vivado v2022.1 (64-bit)
  **** SW Build 3526262 on Mon Apr 18 15:48:16 MDT 2022
  **** IP Build 3524634 on Mon Apr 18 20:55:01 MDT 2022
    ** Copyright 1986-2022 Xilinx, Inc. All Rights Reserved.

source SingleCycleTop.tcl -notrace
Command: read_checkpoint -incremental C:/Users/mtlun/Downloads/ECE505/LundMatthew_SingleCycle/LundMatthew_SingleCycle/LundMatthew_SingleCycle.srcs/utils_1/imports/synth_1/SingleCycleTop.dcp
INFO: [Vivado 12-5825] Read reference checkpoint from C:/Users/mtlun/Downloads/ECE505/LundMatthew_SingleCycle/LundMatthew_SingleCycle/LundMatthew_SingleCycle.srcs/utils_1/imports/synth_1/SingleCycleTop.dcp for incremental synthesis
INFO: [Vivado 12-7989] Please ensure there are no constraint changes
Command: synth_design -top SingleCycleTop -part xc7vx485tffg1157-1
Starting synth_design
Attempting to get a license for feature 'Synthesis' and/or device 'xc7vx485t'
INFO: [Common 17-349] Got license for feature 'Synthesis' and/or device 'xc7vx485t'
INFO: [Device 21-403] Loading part xc7vx485tffg1157-1
INFO: [Designutils 20-5440] No compile time benefit to using incremental synthesis; A full resynthesis will be run
INFO: [Designutils 20-4379] Flow is switching to default flow due to incremental criteria not met. If you would like to alter this behaviour and have the flow terminate instead, please set the following parameter config_implementation {autoIncr.Synth.RejectBehavior Terminate}
INFO: [Synth 8-7079] Multithreading enabled for synth_design using a maximum of 2 processes.
INFO: [Synth 8-7078] Launching helper process for spawning children vivado processes
INFO: [Synth 8-7075] Helper process launched with PID 18460
---------------------------------------------------------------------------------
Starting RTL Elaboration : Time (s): cpu = 00:00:08 ; elapsed = 00:00:10 . Memory (MB): peak = 1715.473 ; gain = 98.027
---------------------------------------------------------------------------------
INFO: [Synth 8-6157] synthesizing module 'SingleCycleTop' [C:/Users/mtlun/Downloads/ECE505/LundMatthew_SingleCycle/LundMatthew_SingleCycle/LundMatthew_SingleCycle.srcs/sources_1/new/SingleCycleTop.v:6]
INFO: [Synth 8-6157] synthesizing module 'clk_wiz_0' [C:/Users/mtlun/Downloads/ECE505/LundMatthew_SingleCycle/LundMatthew_SingleCycle/LundMatthew_SingleCycle.runs/synth_1/.Xil/Vivado-7576-LAPTOP-BKM4OVDQ/realtime/clk_wiz_0_stub.v:5]
INFO: [Synth 8-6155] done synthesizing module 'clk_wiz_0' (0#1) [C:/Users/mtlun/Downloads/ECE505/LundMatthew_SingleCycle/LundMatthew_SingleCycle/LundMatthew_SingleCycle.runs/synth_1/.Xil/Vivado-7576-LAPTOP-BKM4OVDQ/realtime/clk_wiz_0_stub.v:5]
INFO: [Synth 8-6157] synthesizing module 'instruction_mem' [C:/Users/mtlun/Downloads/ECE505/LundMatthew_SingleCycle/LundMatthew_SingleCycle/LundMatthew_SingleCycle.srcs/sources_1/new/instruction_mem.v:6]
INFO: [Synth 8-6155] done synthesizing module 'instruction_mem' (0#1) [C:/Users/mtlun/Downloads/ECE505/LundMatthew_SingleCycle/LundMatthew_SingleCycle/LundMatthew_SingleCycle.srcs/sources_1/new/instruction_mem.v:6]
INFO: [Synth 8-6157] synthesizing module 'control' [C:/Users/mtlun/Downloads/ECE505/LundMatthew_SingleCycle/LundMatthew_SingleCycle/LundMatthew_SingleCycle.srcs/sources_1/new/control.v:5]
INFO: [Synth 8-6155] done synthesizing module 'control' (0#1) [C:/Users/mtlun/Downloads/ECE505/LundMatthew_SingleCycle/LundMatthew_SingleCycle/LundMatthew_SingleCycle.srcs/sources_1/new/control.v:5]
INFO: [Synth 8-6157] synthesizing module 'immgen' [C:/Users/mtlun/Downloads/ECE505/LundMatthew_SingleCycle/LundMatthew_SingleCycle/LundMatthew_SingleCycle.srcs/sources_1/new/immgen.v:5]
INFO: [Synth 8-6155] done synthesizing module 'immgen' (0#1) [C:/Users/mtlun/Downloads/ECE505/LundMatthew_SingleCycle/LundMatthew_SingleCycle/LundMatthew_SingleCycle.srcs/sources_1/new/immgen.v:5]
INFO: [Synth 8-6157] synthesizing module 'alu_control' [C:/Users/mtlun/Downloads/ECE505/LundMatthew_SingleCycle/LundMatthew_SingleCycle/LundMatthew_SingleCycle.srcs/sources_1/new/alu_control.v:5]
INFO: [Synth 8-6155] done synthesizing module 'alu_control' (0#1) [C:/Users/mtlun/Downloads/ECE505/LundMatthew_SingleCycle/LundMatthew_SingleCycle/LundMatthew_SingleCycle.srcs/sources_1/new/alu_control.v:5]
INFO: [Synth 8-6157] synthesizing module 'ALU' [C:/Users/mtlun/Downloads/ECE505/LundMatthew_SingleCycle/LundMatthew_SingleCycle/LundMatthew_SingleCycle.srcs/sources_1/new/ALU.v:5]
INFO: [Synth 8-6155] done synthesizing module 'ALU' (0#1) [C:/Users/mtlun/Downloads/ECE505/LundMatthew_SingleCycle/LundMatthew_SingleCycle/LundMatthew_SingleCycle.srcs/sources_1/new/ALU.v:5]
INFO: [Synth 8-6157] synthesizing module 'registers' [C:/Users/mtlun/Downloads/ECE505/LundMatthew_SingleCycle/LundMatthew_SingleCycle/LundMatthew_SingleCycle.srcs/sources_1/new/registers.v:5]
INFO: [Synth 8-6155] done synthesizing module 'registers' (0#1) [C:/Users/mtlun/Downloads/ECE505/LundMatthew_SingleCycle/LundMatthew_SingleCycle/LundMatthew_SingleCycle.srcs/sources_1/new/registers.v:5]
INFO: [Synth 8-6157] synthesizing module 'blk_mem_gen_0' [C:/Users/mtlun/Downloads/ECE505/LundMatthew_SingleCycle/LundMatthew_SingleCycle/LundMatthew_SingleCycle.runs/synth_1/.Xil/Vivado-7576-LAPTOP-BKM4OVDQ/realtime/blk_mem_gen_0_stub.v:5]
INFO: [Synth 8-6155] done synthesizing module 'blk_mem_gen_0' (0#1) [C:/Users/mtlun/Downloads/ECE505/LundMatthew_SingleCycle/LundMatthew_SingleCycle/LundMatthew_SingleCycle.runs/synth_1/.Xil/Vivado-7576-LAPTOP-BKM4OVDQ/realtime/blk_mem_gen_0_stub.v:5]
INFO: [Synth 8-6155] done synthesizing module 'SingleCycleTop' (0#1) [C:/Users/mtlun/Downloads/ECE505/LundMatthew_SingleCycle/LundMatthew_SingleCycle/LundMatthew_SingleCycle.srcs/sources_1/new/SingleCycleTop.v:6]
---------------------------------------------------------------------------------
Finished RTL Elaboration : Time (s): cpu = 00:00:10 ; elapsed = 00:00:12 . Memory (MB): peak = 1802.977 ; gain = 185.531
---------------------------------------------------------------------------------
---------------------------------------------------------------------------------
Start Handling Custom Attributes
---------------------------------------------------------------------------------
---------------------------------------------------------------------------------
Finished Handling Custom Attributes : Time (s): cpu = 00:00:10 ; elapsed = 00:00:12 . Memory (MB): peak = 1802.977 ; gain = 185.531
---------------------------------------------------------------------------------
---------------------------------------------------------------------------------
Finished RTL Optimization Phase 1 : Time (s): cpu = 00:00:10 ; elapsed = 00:00:12 . Memory (MB): peak = 1802.977 ; gain = 185.531
---------------------------------------------------------------------------------
Netlist sorting complete. Time (s): cpu = 00:00:00 ; elapsed = 00:00:00.025 . Memory (MB): peak = 1802.977 ; gain = 0.000
INFO: [Project 1-570] Preparing netlist for logic optimization

Processing XDC Constraints
Initializing timing engine
Parsing XDC File [c:/Users/mtlun/Downloads/ECE505/LundMatthew_SingleCycle/LundMatthew_SingleCycle/LundMatthew_SingleCycle.gen/sources_1/ip/clk_wiz_0/clk_wiz_0/clk_wiz_0_in_context.xdc] for cell 'clk_i'
Finished Parsing XDC File [c:/Users/mtlun/Downloads/ECE505/LundMatthew_SingleCycle/LundMatthew_SingleCycle/LundMatthew_SingleCycle.gen/sources_1/ip/clk_wiz_0/clk_wiz_0/clk_wiz_0_in_context.xdc] for cell 'clk_i'
Parsing XDC File [c:/Users/mtlun/Downloads/ECE505/LundMatthew_SingleCycle/LundMatthew_SingleCycle/LundMatthew_SingleCycle.gen/sources_1/ip/blk_mem_gen_0/blk_mem_gen_0/blk_mem_gen_0_in_context.xdc] for cell 'ram0'
Finished Parsing XDC File [c:/Users/mtlun/Downloads/ECE505/LundMatthew_SingleCycle/LundMatthew_SingleCycle/LundMatthew_SingleCycle.gen/sources_1/ip/blk_mem_gen_0/blk_mem_gen_0/blk_mem_gen_0_in_context.xdc] for cell 'ram0'
Parsing XDC File [C:/Users/mtlun/Downloads/ECE505/LundMatthew_SingleCycle/LundMatthew_SingleCycle/LundMatthew_SingleCycle.srcs/constrs_1/new/SingleCycleConstr.xdc]
Finished Parsing XDC File [C:/Users/mtlun/Downloads/ECE505/LundMatthew_SingleCycle/LundMatthew_SingleCycle/LundMatthew_SingleCycle.srcs/constrs_1/new/SingleCycleConstr.xdc]
Completed Processing XDC Constraints

Netlist sorting complete. Time (s): cpu = 00:00:00 ; elapsed = 00:00:00 . Memory (MB): peak = 1882.805 ; gain = 0.000
INFO: [Project 1-111] Unisim Transformation Summary:
No Unisim elements were transformed.

Constraint Validation Runtime : Time (s): cpu = 00:00:00 ; elapsed = 00:00:00.029 . Memory (MB): peak = 1882.805 ; gain = 0.000
INFO: [Designutils 20-5440] No compile time benefit to using incremental synthesis; A full resynthesis will be run
INFO: [Designutils 20-4379] Flow is switching to default flow due to incremental criteria not met. If you would like to alter this behaviour and have the flow terminate instead, please set the following parameter config_implementation {autoIncr.Synth.RejectBehavior Terminate}
---------------------------------------------------------------------------------
Finished Constraint Validation : Time (s): cpu = 00:00:20 ; elapsed = 00:00:22 . Memory (MB): peak = 1882.805 ; gain = 265.359
---------------------------------------------------------------------------------
---------------------------------------------------------------------------------
Start Loading Part and Timing Information
---------------------------------------------------------------------------------
Loading part: xc7vx485tffg1157-1
---------------------------------------------------------------------------------
Finished Loading Part and Timing Information : Time (s): cpu = 00:00:20 ; elapsed = 00:00:22 . Memory (MB): peak = 1882.805 ; gain = 265.359
---------------------------------------------------------------------------------
---------------------------------------------------------------------------------
Start Applying 'set_property' XDC Constraints
---------------------------------------------------------------------------------
Applied set_property IO_BUFFER_TYPE = NONE for clk_20mhz. (constraint file  c:/Users/mtlun/Downloads/ECE505/LundMatthew_SingleCycle/LundMatthew_SingleCycle/LundMatthew_SingleCycle.gen/sources_1/ip/clk_wiz_0/clk_wiz_0/clk_wiz_0_in_context.xdc, line 5).
Applied set_property CLOCK_BUFFER_TYPE = NONE for clk_20mhz. (constraint file  c:/Users/mtlun/Downloads/ECE505/LundMatthew_SingleCycle/LundMatthew_SingleCycle/LundMatthew_SingleCycle.gen/sources_1/ip/clk_wiz_0/clk_wiz_0/clk_wiz_0_in_context.xdc, line 6).
Applied set_property KEEP_HIERARCHY = SOFT for clk_i. (constraint file  auto generated constraint).
Applied set_property KEEP_HIERARCHY = SOFT for ram0. (constraint file  auto generated constraint).
---------------------------------------------------------------------------------
Finished applying 'set_property' XDC Constraints : Time (s): cpu = 00:00:20 ; elapsed = 00:00:22 . Memory (MB): peak = 1882.805 ; gain = 265.359
---------------------------------------------------------------------------------
---------------------------------------------------------------------------------
Finished RTL Optimization Phase 2 : Time (s): cpu = 00:00:20 ; elapsed = 00:00:22 . Memory (MB): peak = 1882.805 ; gain = 265.359
---------------------------------------------------------------------------------
---------------------------------------------------------------------------------
Start RTL Component Statistics 
---------------------------------------------------------------------------------
Detailed RTL Component Info : 
+---Adders : 
	   3 Input   32 Bit       Adders := 2     
	   2 Input   32 Bit       Adders := 3     
+---XORs : 
	   2 Input     32 Bit         XORs := 1     
+---Registers : 
	               32 Bit    Registers := 33    
+---Multipliers : 
	              32x32  Multipliers := 1     
+---Muxes : 
	  33 Input   32 Bit        Muxes := 1     
	   9 Input   32 Bit        Muxes := 1     
	   2 Input   32 Bit        Muxes := 6     
	  12 Input   32 Bit        Muxes := 1     
	   5 Input    5 Bit        Muxes := 2     
	   8 Input    2 Bit        Muxes := 1     
	   2 Input    1 Bit        Muxes := 34    
	   6 Input    1 Bit        Muxes := 2     
---------------------------------------------------------------------------------
Finished RTL Component Statistics 
---------------------------------------------------------------------------------
---------------------------------------------------------------------------------
Start Part Resource Summary
---------------------------------------------------------------------------------
Part Resources:
DSPs: 2800 (col length:140)
BRAMs: 2060 (col length: RAMB18 140 RAMB36 70)
---------------------------------------------------------------------------------
Finished Part Resource Summary
---------------------------------------------------------------------------------
---------------------------------------------------------------------------------
Start Cross Boundary and Area Optimization
---------------------------------------------------------------------------------
WARNING: [Synth 8-7080] Parallel synthesis criteria is not met
DSP Report: Generating DSP ALU_i/alu_out0, operation Mode is: A*B.
DSP Report: operator ALU_i/alu_out0 is absorbed into DSP ALU_i/alu_out0.
DSP Report: operator ALU_i/alu_out0 is absorbed into DSP ALU_i/alu_out0.
DSP Report: Generating DSP ALU_i/alu_out0, operation Mode is: (PCIN>>17)+A*B.
DSP Report: operator ALU_i/alu_out0 is absorbed into DSP ALU_i/alu_out0.
DSP Report: operator ALU_i/alu_out0 is absorbed into DSP ALU_i/alu_out0.
DSP Report: Generating DSP ALU_i/alu_out0, operation Mode is: A*B.
DSP Report: operator ALU_i/alu_out0 is absorbed into DSP ALU_i/alu_out0.
DSP Report: operator ALU_i/alu_out0 is absorbed into DSP ALU_i/alu_out0.
DSP Report: Generating DSP ALU_i/alu_out0, operation Mode is: (PCIN>>17)+A*B.
DSP Report: operator ALU_i/alu_out0 is absorbed into DSP ALU_i/alu_out0.
DSP Report: operator ALU_i/alu_out0 is absorbed into DSP ALU_i/alu_out0.
---------------------------------------------------------------------------------
Finished Cross Boundary and Area Optimization : Time (s): cpu = 00:00:30 ; elapsed = 00:00:33 . Memory (MB): peak = 1882.805 ; gain = 265.359
---------------------------------------------------------------------------------
---------------------------------------------------------------------------------
Start ROM, RAM, DSP, Shift Register and Retiming Reporting
---------------------------------------------------------------------------------

DSP: Preliminary Mapping Report (see note below. The ' indicates corresponding REG is set)
+---------------+----------------+--------+--------+--------+--------+--------+------+------+------+------+-------+------+------+
|Module Name    | DSP Mapping    | A Size | B Size | C Size | D Size | P Size | AREG | BREG | CREG | DREG | ADREG | MREG | PREG | 
+---------------+----------------+--------+--------+--------+--------+--------+------+------+------+------+-------+------+------+
|SingleCycleTop | A*B            | 18     | 15     | -      | -      | 48     | 0    | 0    | -    | -    | -     | 0    | 0    | 
|SingleCycleTop | (PCIN>>17)+A*B | 15     | 15     | -      | -      | 48     | 0    | 0    | -    | -    | -     | 0    | 0    | 
|SingleCycleTop | A*B            | 18     | 18     | -      | -      | 48     | 0    | 0    | -    | -    | -     | 0    | 0    | 
|SingleCycleTop | (PCIN>>17)+A*B | 18     | 15     | -      | -      | 48     | 0    | 0    | -    | -    | -     | 0    | 0    | 
+---------------+----------------+--------+--------+--------+--------+--------+------+------+------+------+-------+------+------+

Note: The table above is a preliminary report that shows the DSPs inferred at the current stage of the synthesis flow. Some DSP may be reimplemented as non DSP primitives later in the synthesis flow. Multiple instantiated DSPs are reported only once.
---------------------------------------------------------------------------------
Finished ROM, RAM, DSP, Shift Register and Retiming Reporting
---------------------------------------------------------------------------------
---------------------------------------------------------------------------------
Start Applying XDC Timing Constraints
---------------------------------------------------------------------------------
WARNING: [Synth 8-565] redefining clock 'clk_20mhz'
---------------------------------------------------------------------------------
Finished Applying XDC Timing Constraints : Time (s): cpu = 00:00:40 ; elapsed = 00:00:43 . Memory (MB): peak = 1882.805 ; gain = 265.359
---------------------------------------------------------------------------------
---------------------------------------------------------------------------------
Start Timing Optimization
---------------------------------------------------------------------------------

*** Running vivado
    with args -log SingleCycleTop.vds -m64 -product Vivado -mode batch -messageDb vivado.pb -notrace -source SingleCycleTop.tcl



****** Vivado v2022.1 (64-bit)
  **** SW Build 3526262 on Mon Apr 18 15:48:16 MDT 2022
  **** IP Build 3524634 on Mon Apr 18 20:55:01 MDT 2022
    ** Copyright 1986-2022 Xilinx, Inc. All Rights Reserved.

source SingleCycleTop.tcl -notrace
create_project: Time (s): cpu = 00:00:08 ; elapsed = 00:00:09 . Memory (MB): peak = 1623.039 ; gain = 0.000
Command: read_checkpoint -incremental C:/Users/mtlun/Documents/ECE505/LundMatthew_SingleCycle/LundMatthew_SingleCycle.srcs/utils_1/imports/synth_1/SingleCycleTop.dcp
INFO: [Vivado 12-5825] Read reference checkpoint from C:/Users/mtlun/Documents/ECE505/LundMatthew_SingleCycle/LundMatthew_SingleCycle.srcs/utils_1/imports/synth_1/SingleCycleTop.dcp for incremental synthesis
INFO: [Vivado 12-7989] Please ensure there are no constraint changes
Command: synth_design -top SingleCycleTop -part xc7vx485tffg1157-1
Starting synth_design
Attempting to get a license for feature 'Synthesis' and/or device 'xc7vx485t'
INFO: [Common 17-349] Got license for feature 'Synthesis' and/or device 'xc7vx485t'
INFO: [Device 21-403] Loading part xc7vx485tffg1157-1
INFO: [Designutils 20-5440] No compile time benefit to using incremental synthesis; A full resynthesis will be run
INFO: [Designutils 20-4379] Flow is switching to default flow due to incremental criteria not met. If you would like to alter this behaviour and have the flow terminate instead, please set the following parameter config_implementation {autoIncr.Synth.RejectBehavior Terminate}
INFO: [Synth 8-7079] Multithreading enabled for synth_design using a maximum of 2 processes.
INFO: [Synth 8-7078] Launching helper process for spawning children vivado processes
INFO: [Synth 8-7075] Helper process launched with PID 14600
---------------------------------------------------------------------------------
Starting RTL Elaboration : Time (s): cpu = 00:00:12 ; elapsed = 00:00:12 . Memory (MB): peak = 1714.836 ; gain = 91.797
---------------------------------------------------------------------------------
INFO: [Synth 8-6157] synthesizing module 'SingleCycleTop' [C:/Users/mtlun/Documents/ECE505/LundMatthew_SingleCycle/LundMatthew_SingleCycle.srcs/sources_1/new/SingleCycleTop.v:6]
INFO: [Synth 8-6157] synthesizing module 'clk_wiz_0' [C:/Users/mtlun/Documents/ECE505/LundMatthew_SingleCycle/LundMatthew_SingleCycle.runs/synth_1/.Xil/Vivado-14636-LAPTOP-BKM4OVDQ/realtime/clk_wiz_0_stub.v:5]
INFO: [Synth 8-6155] done synthesizing module 'clk_wiz_0' (0#1) [C:/Users/mtlun/Documents/ECE505/LundMatthew_SingleCycle/LundMatthew_SingleCycle.runs/synth_1/.Xil/Vivado-14636-LAPTOP-BKM4OVDQ/realtime/clk_wiz_0_stub.v:5]
INFO: [Synth 8-6157] synthesizing module 'instruction_mem' [C:/Users/mtlun/Documents/ECE505/LundMatthew_SingleCycle/LundMatthew_SingleCycle.srcs/sources_1/new/instruction_mem.v:6]
INFO: [Synth 8-6155] done synthesizing module 'instruction_mem' (0#1) [C:/Users/mtlun/Documents/ECE505/LundMatthew_SingleCycle/LundMatthew_SingleCycle.srcs/sources_1/new/instruction_mem.v:6]
INFO: [Synth 8-6157] synthesizing module 'control' [C:/Users/mtlun/Documents/ECE505/LundMatthew_SingleCycle/LundMatthew_SingleCycle.srcs/sources_1/new/control.v:5]
INFO: [Synth 8-6155] done synthesizing module 'control' (0#1) [C:/Users/mtlun/Documents/ECE505/LundMatthew_SingleCycle/LundMatthew_SingleCycle.srcs/sources_1/new/control.v:5]
INFO: [Synth 8-6157] synthesizing module 'immgen' [C:/Users/mtlun/Documents/ECE505/LundMatthew_SingleCycle/LundMatthew_SingleCycle.srcs/sources_1/new/immgen.v:5]
INFO: [Synth 8-6155] done synthesizing module 'immgen' (0#1) [C:/Users/mtlun/Documents/ECE505/LundMatthew_SingleCycle/LundMatthew_SingleCycle.srcs/sources_1/new/immgen.v:5]
INFO: [Synth 8-6157] synthesizing module 'alu_control' [C:/Users/mtlun/Documents/ECE505/LundMatthew_SingleCycle/LundMatthew_SingleCycle.srcs/sources_1/new/alu_control.v:5]
INFO: [Synth 8-6155] done synthesizing module 'alu_control' (0#1) [C:/Users/mtlun/Documents/ECE505/LundMatthew_SingleCycle/LundMatthew_SingleCycle.srcs/sources_1/new/alu_control.v:5]
INFO: [Synth 8-6157] synthesizing module 'ALU' [C:/Users/mtlun/Documents/ECE505/LundMatthew_SingleCycle/LundMatthew_SingleCycle.srcs/sources_1/new/ALU.v:5]
INFO: [Synth 8-6155] done synthesizing module 'ALU' (0#1) [C:/Users/mtlun/Documents/ECE505/LundMatthew_SingleCycle/LundMatthew_SingleCycle.srcs/sources_1/new/ALU.v:5]
INFO: [Synth 8-6157] synthesizing module 'registers' [C:/Users/mtlun/Documents/ECE505/LundMatthew_SingleCycle/LundMatthew_SingleCycle.srcs/sources_1/new/registers.v:5]
INFO: [Synth 8-6155] done synthesizing module 'registers' (0#1) [C:/Users/mtlun/Documents/ECE505/LundMatthew_SingleCycle/LundMatthew_SingleCycle.srcs/sources_1/new/registers.v:5]
INFO: [Synth 8-6157] synthesizing module 'blk_mem_gen_0' [C:/Users/mtlun/Documents/ECE505/LundMatthew_SingleCycle/LundMatthew_SingleCycle.runs/synth_1/.Xil/Vivado-14636-LAPTOP-BKM4OVDQ/realtime/blk_mem_gen_0_stub.v:5]
INFO: [Synth 8-6155] done synthesizing module 'blk_mem_gen_0' (0#1) [C:/Users/mtlun/Documents/ECE505/LundMatthew_SingleCycle/LundMatthew_SingleCycle.runs/synth_1/.Xil/Vivado-14636-LAPTOP-BKM4OVDQ/realtime/blk_mem_gen_0_stub.v:5]
INFO: [Synth 8-6155] done synthesizing module 'SingleCycleTop' (0#1) [C:/Users/mtlun/Documents/ECE505/LundMatthew_SingleCycle/LundMatthew_SingleCycle.srcs/sources_1/new/SingleCycleTop.v:6]
---------------------------------------------------------------------------------
Finished RTL Elaboration : Time (s): cpu = 00:00:17 ; elapsed = 00:00:18 . Memory (MB): peak = 1802.707 ; gain = 179.668
---------------------------------------------------------------------------------
---------------------------------------------------------------------------------
Start Handling Custom Attributes
---------------------------------------------------------------------------------
---------------------------------------------------------------------------------
Finished Handling Custom Attributes : Time (s): cpu = 00:00:18 ; elapsed = 00:00:18 . Memory (MB): peak = 1802.707 ; gain = 179.668
---------------------------------------------------------------------------------
---------------------------------------------------------------------------------
Finished RTL Optimization Phase 1 : Time (s): cpu = 00:00:18 ; elapsed = 00:00:18 . Memory (MB): peak = 1802.707 ; gain = 179.668
---------------------------------------------------------------------------------
Netlist sorting complete. Time (s): cpu = 00:00:00 ; elapsed = 00:00:00.076 . Memory (MB): peak = 1802.707 ; gain = 0.000
INFO: [Project 1-570] Preparing netlist for logic optimization

Processing XDC Constraints
Initializing timing engine
Parsing XDC File [c:/Users/mtlun/Documents/ECE505/LundMatthew_SingleCycle/LundMatthew_SingleCycle.gen/sources_1/ip/clk_wiz_0/clk_wiz_0/clk_wiz_0_in_context.xdc] for cell 'clk_i'
Finished Parsing XDC File [c:/Users/mtlun/Documents/ECE505/LundMatthew_SingleCycle/LundMatthew_SingleCycle.gen/sources_1/ip/clk_wiz_0/clk_wiz_0/clk_wiz_0_in_context.xdc] for cell 'clk_i'
Parsing XDC File [c:/Users/mtlun/Documents/ECE505/LundMatthew_SingleCycle/LundMatthew_SingleCycle.gen/sources_1/ip/blk_mem_gen_0/blk_mem_gen_0/blk_mem_gen_0_in_context.xdc] for cell 'ram0'
Finished Parsing XDC File [c:/Users/mtlun/Documents/ECE505/LundMatthew_SingleCycle/LundMatthew_SingleCycle.gen/sources_1/ip/blk_mem_gen_0/blk_mem_gen_0/blk_mem_gen_0_in_context.xdc] for cell 'ram0'
Parsing XDC File [C:/Users/mtlun/Documents/ECE505/LundMatthew_SingleCycle/LundMatthew_SingleCycle.srcs/constrs_1/new/SingleCycleConstr.xdc]
Finished Parsing XDC File [C:/Users/mtlun/Documents/ECE505/LundMatthew_SingleCycle/LundMatthew_SingleCycle.srcs/constrs_1/new/SingleCycleConstr.xdc]
Completed Processing XDC Constraints

Netlist sorting complete. Time (s): cpu = 00:00:00 ; elapsed = 00:00:00.001 . Memory (MB): peak = 1881.738 ; gain = 0.000
INFO: [Project 1-111] Unisim Transformation Summary:
No Unisim elements were transformed.

Constraint Validation Runtime : Time (s): cpu = 00:00:00 ; elapsed = 00:00:00.064 . Memory (MB): peak = 1881.738 ; gain = 0.000
INFO: [Designutils 20-5440] No compile time benefit to using incremental synthesis; A full resynthesis will be run
INFO: [Designutils 20-4379] Flow is switching to default flow due to incremental criteria not met. If you would like to alter this behaviour and have the flow terminate instead, please set the following parameter config_implementation {autoIncr.Synth.RejectBehavior Terminate}
---------------------------------------------------------------------------------
Finished Constraint Validation : Time (s): cpu = 00:00:42 ; elapsed = 00:00:43 . Memory (MB): peak = 1881.738 ; gain = 258.699
---------------------------------------------------------------------------------
---------------------------------------------------------------------------------
Start Loading Part and Timing Information
---------------------------------------------------------------------------------
Loading part: xc7vx485tffg1157-1
---------------------------------------------------------------------------------
Finished Loading Part and Timing Information : Time (s): cpu = 00:00:42 ; elapsed = 00:00:43 . Memory (MB): peak = 1881.738 ; gain = 258.699
---------------------------------------------------------------------------------
---------------------------------------------------------------------------------
Start Applying 'set_property' XDC Constraints
---------------------------------------------------------------------------------
Applied set_property IO_BUFFER_TYPE = NONE for clk_20mhz. (constraint file  c:/Users/mtlun/Documents/ECE505/LundMatthew_SingleCycle/LundMatthew_SingleCycle.gen/sources_1/ip/clk_wiz_0/clk_wiz_0/clk_wiz_0_in_context.xdc, line 5).
Applied set_property CLOCK_BUFFER_TYPE = NONE for clk_20mhz. (constraint file  c:/Users/mtlun/Documents/ECE505/LundMatthew_SingleCycle/LundMatthew_SingleCycle.gen/sources_1/ip/clk_wiz_0/clk_wiz_0/clk_wiz_0_in_context.xdc, line 6).
Applied set_property KEEP_HIERARCHY = SOFT for clk_i. (constraint file  auto generated constraint).
Applied set_property KEEP_HIERARCHY = SOFT for ram0. (constraint file  auto generated constraint).
---------------------------------------------------------------------------------
Finished applying 'set_property' XDC Constraints : Time (s): cpu = 00:00:42 ; elapsed = 00:00:43 . Memory (MB): peak = 1881.738 ; gain = 258.699
---------------------------------------------------------------------------------
---------------------------------------------------------------------------------
Finished RTL Optimization Phase 2 : Time (s): cpu = 00:00:44 ; elapsed = 00:00:45 . Memory (MB): peak = 1881.738 ; gain = 258.699
---------------------------------------------------------------------------------
---------------------------------------------------------------------------------
Start RTL Component Statistics 
---------------------------------------------------------------------------------
Detailed RTL Component Info : 
+---Adders : 
	   3 Input   32 Bit       Adders := 2     
	   2 Input   32 Bit       Adders := 3     
+---XORs : 
	   2 Input     32 Bit         XORs := 1     
+---Registers : 
	               32 Bit    Registers := 33    
+---Multipliers : 
	              32x32  Multipliers := 1     
+---Muxes : 
	  33 Input   32 Bit        Muxes := 1     
	   9 Input   32 Bit        Muxes := 1     
	   2 Input   32 Bit        Muxes := 6     
	  12 Input   32 Bit        Muxes := 1     
	   5 Input    5 Bit        Muxes := 2     
	   8 Input    2 Bit        Muxes := 1     
	   2 Input    1 Bit        Muxes := 34    
	   6 Input    1 Bit        Muxes := 2     
---------------------------------------------------------------------------------
Finished RTL Component Statistics 
---------------------------------------------------------------------------------
---------------------------------------------------------------------------------
Start Part Resource Summary
---------------------------------------------------------------------------------
Part Resources:
DSPs: 2800 (col length:140)
BRAMs: 2060 (col length: RAMB18 140 RAMB36 70)
---------------------------------------------------------------------------------
Finished Part Resource Summary
---------------------------------------------------------------------------------
---------------------------------------------------------------------------------
Start Cross Boundary and Area Optimization
---------------------------------------------------------------------------------
WARNING: [Synth 8-7080] Parallel synthesis criteria is not met
DSP Report: Generating DSP ALU_i/alu_out0, operation Mode is: A*B.
DSP Report: operator ALU_i/alu_out0 is absorbed into DSP ALU_i/alu_out0.
DSP Report: operator ALU_i/alu_out0 is absorbed into DSP ALU_i/alu_out0.
DSP Report: Generating DSP ALU_i/alu_out0, operation Mode is: (PCIN>>17)+A*B.
DSP Report: operator ALU_i/alu_out0 is absorbed into DSP ALU_i/alu_out0.
DSP Report: operator ALU_i/alu_out0 is absorbed into DSP ALU_i/alu_out0.
DSP Report: Generating DSP ALU_i/alu_out0, operation Mode is: A*B.
DSP Report: operator ALU_i/alu_out0 is absorbed into DSP ALU_i/alu_out0.
DSP Report: operator ALU_i/alu_out0 is absorbed into DSP ALU_i/alu_out0.
DSP Report: Generating DSP ALU_i/alu_out0, operation Mode is: (PCIN>>17)+A*B.
DSP Report: operator ALU_i/alu_out0 is absorbed into DSP ALU_i/alu_out0.
DSP Report: operator ALU_i/alu_out0 is absorbed into DSP ALU_i/alu_out0.
---------------------------------------------------------------------------------
Finished Cross Boundary and Area Optimization : Time (s): cpu = 00:01:12 ; elapsed = 00:01:14 . Memory (MB): peak = 1881.738 ; gain = 258.699
---------------------------------------------------------------------------------
---------------------------------------------------------------------------------
Start ROM, RAM, DSP, Shift Register and Retiming Reporting
---------------------------------------------------------------------------------

DSP: Preliminary Mapping Report (see note below. The ' indicates corresponding REG is set)
+---------------+----------------+--------+--------+--------+--------+--------+------+------+------+------+-------+------+------+
|Module Name    | DSP Mapping    | A Size | B Size | C Size | D Size | P Size | AREG | BREG | CREG | DREG | ADREG | MREG | PREG | 
+---------------+----------------+--------+--------+--------+--------+--------+------+------+------+------+-------+------+------+
|SingleCycleTop | A*B            | 18     | 15     | -      | -      | 48     | 0    | 0    | -    | -    | -     | 0    | 0    | 
|SingleCycleTop | (PCIN>>17)+A*B | 15     | 15     | -      | -      | 48     | 0    | 0    | -    | -    | -     | 0    | 0    | 
|SingleCycleTop | A*B            | 18     | 18     | -      | -      | 48     | 0    | 0    | -    | -    | -     | 0    | 0    | 
|SingleCycleTop | (PCIN>>17)+A*B | 18     | 15     | -      | -      | 48     | 0    | 0    | -    | -    | -     | 0    | 0    | 
+---------------+----------------+--------+--------+--------+--------+--------+------+------+------+------+-------+------+------+

Note: The table above is a preliminary report that shows the DSPs inferred at the current stage of the synthesis flow. Some DSP may be reimplemented as non DSP primitives later in the synthesis flow. Multiple instantiated DSPs are reported only once.
---------------------------------------------------------------------------------
Finished ROM, RAM, DSP, Shift Register and Retiming Reporting
---------------------------------------------------------------------------------
---------------------------------------------------------------------------------
Start Applying XDC Timing Constraints
---------------------------------------------------------------------------------
WARNING: [Synth 8-565] redefining clock 'clk_20mhz'
---------------------------------------------------------------------------------
Finished Applying XDC Timing Constraints : Time (s): cpu = 00:01:41 ; elapsed = 00:01:43 . Memory (MB): peak = 1881.738 ; gain = 258.699
---------------------------------------------------------------------------------
---------------------------------------------------------------------------------
Start Timing Optimization
---------------------------------------------------------------------------------
---------------------------------------------------------------------------------
Finished Timing Optimization : Time (s): cpu = 00:02:07 ; elapsed = 00:02:09 . Memory (MB): peak = 2023.242 ; gain = 400.203
---------------------------------------------------------------------------------
---------------------------------------------------------------------------------
Start Technology Mapping
---------------------------------------------------------------------------------
---------------------------------------------------------------------------------
Finished Technology Mapping : Time (s): cpu = 00:02:09 ; elapsed = 00:02:12 . Memory (MB): peak = 2032.328 ; gain = 409.289
---------------------------------------------------------------------------------
---------------------------------------------------------------------------------
Start IO Insertion
---------------------------------------------------------------------------------
---------------------------------------------------------------------------------
Start Flattening Before IO Insertion
---------------------------------------------------------------------------------
---------------------------------------------------------------------------------
Finished Flattening Before IO Insertion
---------------------------------------------------------------------------------
---------------------------------------------------------------------------------
Start Final Netlist Cleanup
---------------------------------------------------------------------------------
---------------------------------------------------------------------------------
Finished Final Netlist Cleanup
---------------------------------------------------------------------------------
---------------------------------------------------------------------------------
Finished IO Insertion : Time (s): cpu = 00:02:24 ; elapsed = 00:02:27 . Memory (MB): peak = 2032.328 ; gain = 409.289
---------------------------------------------------------------------------------
---------------------------------------------------------------------------------
Start Renaming Generated Instances
---------------------------------------------------------------------------------
---------------------------------------------------------------------------------
Finished Renaming Generated Instances : Time (s): cpu = 00:02:24 ; elapsed = 00:02:27 . Memory (MB): peak = 2032.328 ; gain = 409.289
---------------------------------------------------------------------------------
---------------------------------------------------------------------------------
Start Rebuilding User Hierarchy
---------------------------------------------------------------------------------
---------------------------------------------------------------------------------
Finished Rebuilding User Hierarchy : Time (s): cpu = 00:02:25 ; elapsed = 00:02:28 . Memory (MB): peak = 2032.328 ; gain = 409.289
---------------------------------------------------------------------------------
---------------------------------------------------------------------------------
Start Renaming Generated Ports
---------------------------------------------------------------------------------
---------------------------------------------------------------------------------
Finished Renaming Generated Ports : Time (s): cpu = 00:02:25 ; elapsed = 00:02:28 . Memory (MB): peak = 2032.328 ; gain = 409.289
---------------------------------------------------------------------------------
---------------------------------------------------------------------------------
Start Handling Custom Attributes
---------------------------------------------------------------------------------
---------------------------------------------------------------------------------
Finished Handling Custom Attributes : Time (s): cpu = 00:02:25 ; elapsed = 00:02:28 . Memory (MB): peak = 2032.328 ; gain = 409.289
---------------------------------------------------------------------------------
---------------------------------------------------------------------------------
Start Renaming Generated Nets
---------------------------------------------------------------------------------
---------------------------------------------------------------------------------
Finished Renaming Generated Nets : Time (s): cpu = 00:02:25 ; elapsed = 00:02:28 . Memory (MB): peak = 2032.328 ; gain = 409.289
---------------------------------------------------------------------------------
---------------------------------------------------------------------------------
Start Writing Synthesis Report
---------------------------------------------------------------------------------

DSP Final Report (the ' indicates corresponding REG is set)
+---------------+--------------+--------+--------+--------+--------+--------+------+------+------+------+-------+------+------+
|Module Name    | DSP Mapping  | A Size | B Size | C Size | D Size | P Size | AREG | BREG | CREG | DREG | ADREG | MREG | PREG | 
+---------------+--------------+--------+--------+--------+--------+--------+------+------+------+------+-------+------+------+
|SingleCycleTop | A*B          | 17     | 18     | -      | -      | 48     | 0    | 0    | -    | -    | -     | 0    | 0    | 
|SingleCycleTop | A*B          | 17     | 17     | -      | -      | 48     | 0    | 0    | -    | -    | -     | 0    | 0    | 
|SingleCycleTop | PCIN>>17+A*B | 17     | 18     | -      | -      | 48     | 0    | 0    | -    | -    | -     | 0    | 0    | 
+---------------+--------------+--------+--------+--------+--------+--------+------+------+------+------+-------+------+------+


Report BlackBoxes: 
+------+--------------+----------+
|      |BlackBox name |Instances |
+------+--------------+----------+
|1     |clk_wiz_0     |         1|
|2     |blk_mem_gen_0 |         1|
+------+--------------+----------+

Report Cell Usage: 
+------+------------+------+
|      |Cell        |Count |
+------+------------+------+
|1     |blk_mem_gen |     1|
|2     |clk_wiz     |     1|
|3     |BUFG        |     1|
|4     |CARRY4      |    63|
|5     |DSP48E1     |     3|
|6     |LUT1        |     9|
|7     |LUT2        |    29|
|8     |LUT3        |   161|
|9     |LUT4        |    91|
|10    |LUT5        |   301|
|11    |LUT6        |   524|
|12    |MUXF7       |    52|
|13    |FDRE        |   256|
+------+------------+------+
---------------------------------------------------------------------------------
Finished Writing Synthesis Report : Time (s): cpu = 00:02:25 ; elapsed = 00:02:28 . Memory (MB): peak = 2032.328 ; gain = 409.289
---------------------------------------------------------------------------------
Synthesis finished with 0 errors, 0 critical warnings and 2 warnings.
Synthesis Optimization Runtime : Time (s): cpu = 00:01:58 ; elapsed = 00:02:19 . Memory (MB): peak = 2032.328 ; gain = 330.258
Synthesis Optimization Complete : Time (s): cpu = 00:02:25 ; elapsed = 00:02:28 . Memory (MB): peak = 2032.328 ; gain = 409.289
INFO: [Project 1-571] Translating synthesized netlist
Netlist sorting complete. Time (s): cpu = 00:00:00 ; elapsed = 00:00:00.070 . Memory (MB): peak = 2044.164 ; gain = 0.000
INFO: [Netlist 29-17] Analyzing 118 Unisim elements for replacement
INFO: [Netlist 29-28] Unisim Transformation completed in 0 CPU seconds
INFO: [Project 1-570] Preparing netlist for logic optimization
INFO: [Opt 31-138] Pushed 0 inverter(s) to 0 load pin(s).
Netlist sorting complete. Time (s): cpu = 00:00:00 ; elapsed = 00:00:00.001 . Memory (MB): peak = 2055.293 ; gain = 0.000
INFO: [Project 1-111] Unisim Transformation Summary:
No Unisim elements were transformed.

Synth Design complete, checksum: c6b22212
INFO: [Common 17-83] Releasing license: Synthesis
38 Infos, 2 Warnings, 0 Critical Warnings and 0 Errors encountered.
synth_design completed successfully
synth_design: Time (s): cpu = 00:02:48 ; elapsed = 00:02:56 . Memory (MB): peak = 2055.293 ; gain = 432.254
INFO: [Common 17-1381] The checkpoint 'C:/Users/mtlun/Documents/ECE505/LundMatthew_SingleCycle/LundMatthew_SingleCycle.runs/synth_1/SingleCycleTop.dcp' has been generated.
INFO: [runtcl-4] Executing : report_utilization -file SingleCycleTop_utilization_synth.rpt -pb SingleCycleTop_utilization_synth.pb
INFO: [Common 17-206] Exiting Vivado at Fri Oct 27 17:03:34 2023...
